<?xml version="1.0" encoding="UTF-8"?>
<!-- Generated by org.testng.reporters.JUnitReportReporter -->
<testsuite hostname="DESKTOP-EKSVNDS" failures="0" tests="1" name="Barikoi.TC_04CheckEmptySearch" time="20.924" errors="0" timestamp="19 Oct 2023 01:51:42 GMT" skipped="0">
  <testcase classname="Barikoi.TC_04CheckEmptySearch" name="Barikoi" time="20.924"/>
</testsuite> <!-- Barikoi.TC_04CheckEmptySearch -->
